<?xml version="1.0" encoding="UTF-8"?>
<!-- Generated by org.testng.reporters.JUnitReportReporter -->
<testsuite hostname="MISU-PC" failures="0" tests="2" name="newjava" time="5.574" errors="0" timestamp="2023-10-23T23:30:18 BDT" skipped="0">
  <testcase classname="newjava" name="view_web_page" time="2.726"/>
  <testcase classname="newjava" name="scroll_down_element" time="2.848"/>
</testsuite> <!-- newjava -->
